<?xml version="1.0" encoding="UTF-8"?>
<testsuite xmlns:xsi="http://www.w3.org/2001/XMLSchema-instance" xsi:noNamespaceSchemaLocation="https://maven.apache.org/surefire/maven-surefire-plugin/xsd/surefire-test-report.xsd" name="com.scuec.MyBatisTest" time="0.511" tests="1" errors="0" skipped="0" failures="0">
  <properties>
    <property name="java.specification.version" value="18"/>
    <property name="sun.cpu.isalist" value="amd64"/>
    <property name="sun.jnu.encoding" value="GBK"/>
    <property name="java.class.path" value="C:\Users\YangYang\Desktop\ChatRoom\target\test-classes;C:\Users\YangYang\Desktop\ChatRoom\target\classes;C:\Users\YangYang\.m2\repository\org\mybatis\mybatis\3.5.5\mybatis-3.5.5.jar;C:\Users\YangYang\.m2\repository\mysql\mysql-connector-java\5.1.46\mysql-connector-java-5.1.46.jar;C:\Users\YangYang\.m2\repository\junit\junit\4.12\junit-4.12.jar;C:\Users\YangYang\.m2\repository\org\hamcrest\hamcrest-core\1.3\hamcrest-core-1.3.jar;C:\Users\YangYang\.m2\repository\ch\qos\logback\logback-classic\1.2.3\logback-classic-1.2.3.jar;C:\Users\YangYang\.m2\repository\org\slf4j\slf4j-api\1.7.25\slf4j-api-1.7.25.jar;C:\Users\YangYang\.m2\repository\ch\qos\logback\logback-core\1.2.3\logback-core-1.2.3.jar;C:\Users\YangYang\.m2\repository\javax\servlet\javax.servlet-api\3.1.0\javax.servlet-api-3.1.0.jar;C:\Users\YangYang\.m2\repository\org\opoo\maven\tomcat9-maven-plugin\3.0.1\tomcat9-maven-plugin-3.0.1.jar;C:\Users\YangYang\.m2\repository\org\apache\tomcat\embed\tomcat-embed-core\9.0.56\tomcat-embed-core-9.0.56.jar;C:\Users\YangYang\.m2\repository\org\apache\tomcat\tomcat-util\9.0.56\tomcat-util-9.0.56.jar;C:\Users\YangYang\.m2\repository\org\apache\tomcat\tomcat-coyote\9.0.56\tomcat-coyote-9.0.56.jar;C:\Users\YangYang\.m2\repository\org\apache\tomcat\tomcat-jni\9.0.56\tomcat-jni-9.0.56.jar;C:\Users\YangYang\.m2\repository\org\apache\tomcat\tomcat-api\9.0.56\tomcat-api-9.0.56.jar;C:\Users\YangYang\.m2\repository\org\apache\tomcat\tomcat-jdbc\9.0.56\tomcat-jdbc-9.0.56.jar;C:\Users\YangYang\.m2\repository\org\apache\tomcat\tomcat-dbcp\9.0.56\tomcat-dbcp-9.0.56.jar;C:\Users\YangYang\.m2\repository\org\apache\tomcat\tomcat-servlet-api\9.0.56\tomcat-servlet-api-9.0.56.jar;C:\Users\YangYang\.m2\repository\org\apache\tomcat\tomcat-jsp-api\9.0.56\tomcat-jsp-api-9.0.56.jar;C:\Users\YangYang\.m2\repository\org\apache\tomcat\tomcat-jasper\9.0.56\tomcat-jasper-9.0.56.jar;C:\Users\YangYang\.m2\repository\org\eclipse\jdt\ecj\3.26.0\ecj-3.26.0.jar;C:\Users\YangYang\.m2\repository\org\apache\tomcat\tomcat-util-scan\9.0.56\tomcat-util-scan-9.0.56.jar;C:\Users\YangYang\.m2\repository\org\apache\tomcat\tomcat-jasper-el\9.0.56\tomcat-jasper-el-9.0.56.jar;C:\Users\YangYang\.m2\repository\org\apache\tomcat\tomcat-el-api\9.0.56\tomcat-el-api-9.0.56.jar;C:\Users\YangYang\.m2\repository\org\apache\tomcat\tomcat-catalina\9.0.56\tomcat-catalina-9.0.56.jar;C:\Users\YangYang\.m2\repository\org\apache\tomcat\tomcat-jaspic-api\9.0.56\tomcat-jaspic-api-9.0.56.jar;C:\Users\YangYang\.m2\repository\org\apache\tomcat\tomcat-tribes\9.0.56\tomcat-tribes-9.0.56.jar;C:\Users\YangYang\.m2\repository\org\apache\tomcat\tomcat-catalina-ha\9.0.56\tomcat-catalina-ha-9.0.56.jar;C:\Users\YangYang\.m2\repository\org\apache\tomcat\tomcat-annotations-api\9.0.56\tomcat-annotations-api-9.0.56.jar;C:\Users\YangYang\.m2\repository\org\apache\tomcat\tomcat-juli\9.0.56\tomcat-juli-9.0.56.jar;C:\Users\YangYang\.m2\repository\org\eclipse\jdt\core\compiler\ecj\4.4\ecj-4.4.jar;C:\Users\YangYang\.m2\repository\org\opoo\maven\common-tomcat-maven-plugin\3.0.1\common-tomcat-maven-plugin-3.0.1.jar;C:\Users\YangYang\.m2\repository\org\apache\maven\maven-project\2.2.1\maven-project-2.2.1.jar;C:\Users\YangYang\.m2\repository\org\apache\maven\maven-profile\2.2.1\maven-profile-2.2.1.jar;C:\Users\YangYang\.m2\repository\org\apache\maven\maven-artifact-manager\2.2.1\maven-artifact-manager-2.2.1.jar;C:\Users\YangYang\.m2\repository\backport-util-concurrent\backport-util-concurrent\3.1\backport-util-concurrent-3.1.jar;C:\Users\YangYang\.m2\repository\org\apache\maven\maven-plugin-registry\2.2.1\maven-plugin-registry-2.2.1.jar;C:\Users\YangYang\.m2\repository\org\codehaus\plexus\plexus-container-default\1.0-alpha-9-stable-1\plexus-container-default-1.0-alpha-9-stable-1.jar;C:\Users\YangYang\.m2\repository\org\apache\httpcomponents\httpclient\4.5.13\httpclient-4.5.13.jar;C:\Users\YangYang\.m2\repository\org\apache\httpcomponents\httpcore\4.4.13\httpcore-4.4.13.jar;C:\Users\YangYang\.m2\repository\commons-logging\commons-logging\1.2\commons-logging-1.2.jar;C:\Users\YangYang\.m2\repository\org\codehaus\plexus\plexus-component-annotations\1.5.5\plexus-component-annotations-1.5.5.jar;C:\Users\YangYang\.m2\repository\commons-codec\commons-codec\1.6\commons-codec-1.6.jar;C:\Users\YangYang\.m2\repository\org\opoo\maven\tomcat9-war-runner\3.0.1\tomcat9-war-runner-3.0.1.jar;C:\Users\YangYang\.m2\repository\commons-cli\commons-cli\1.2\commons-cli-1.2.jar;C:\Users\YangYang\.m2\repository\org\apache\maven\maven-plugin-api\2.2.1\maven-plugin-api-2.2.1.jar;C:\Users\YangYang\.m2\repository\org\apache\maven\maven-archiver\2.4.2\maven-archiver-2.4.2.jar;C:\Users\YangYang\.m2\repository\org\apache\maven\maven-artifact\2.0.6\maven-artifact-2.0.6.jar;C:\Users\YangYang\.m2\repository\org\apache\maven\maven-model\2.0.6\maven-model-2.0.6.jar;C:\Users\YangYang\.m2\repository\org\codehaus\plexus\plexus-interpolation\1.13\plexus-interpolation-1.13.jar;C:\Users\YangYang\.m2\repository\org\codehaus\plexus\plexus-classworlds\2.2.2\plexus-classworlds-2.2.2.jar;C:\Users\YangYang\.m2\repository\commons-io\commons-io\2.11.0\commons-io-2.11.0.jar;C:\Users\YangYang\.m2\repository\commons-lang\commons-lang\2.6\commons-lang-2.6.jar;C:\Users\YangYang\.m2\repository\org\apache\commons\commons-compress\1.21\commons-compress-1.21.jar;C:\Users\YangYang\.m2\repository\org\codehaus\plexus\plexus-archiver\3.7.0\plexus-archiver-3.7.0.jar;C:\Users\YangYang\.m2\repository\org\codehaus\plexus\plexus-io\3.1.0\plexus-io-3.1.0.jar;C:\Users\YangYang\.m2\repository\org\iq80\snappy\snappy\0.4\snappy-0.4.jar;C:\Users\YangYang\.m2\repository\org\tukaani\xz\1.8\xz-1.8.jar;C:\Users\YangYang\.m2\repository\org\codehaus\plexus\plexus-utils\3.0.24\plexus-utils-3.0.24.jar;C:\Users\YangYang\.m2\repository\org\apache\maven\shared\maven-filtering\1.3\maven-filtering-1.3.jar;C:\Users\YangYang\.m2\repository\org\apache\maven\maven-core\2.2.1\maven-core-2.2.1.jar;C:\Users\YangYang\.m2\repository\org\apache\maven\wagon\wagon-file\1.0-beta-6\wagon-file-1.0-beta-6.jar;C:\Users\YangYang\.m2\repository\org\apache\maven\maven-plugin-parameter-documenter\2.2.1\maven-plugin-parameter-documenter-2.2.1.jar;C:\Users\YangYang\.m2\repository\org\apache\maven\wagon\wagon-http-lightweight\1.0-beta-6\wagon-http-lightweight-1.0-beta-6.jar;C:\Users\YangYang\.m2\repository\org\apache\maven\wagon\wagon-http-shared\1.0-beta-6\wagon-http-shared-1.0-beta-6.jar;C:\Users\YangYang\.m2\repository\nekohtml\nekohtml\1.9.6.2\nekohtml-1.9.6.2.jar;C:\Users\YangYang\.m2\repository\org\apache\maven\wagon\wagon-http\1.0-beta-6\wagon-http-1.0-beta-6.jar;C:\Users\YangYang\.m2\repository\org\apache\maven\wagon\wagon-webdav-jackrabbit\1.0-beta-6\wagon-webdav-jackrabbit-1.0-beta-6.jar;C:\Users\YangYang\.m2\repository\org\apache\jackrabbit\jackrabbit-webdav\1.5.0\jackrabbit-webdav-1.5.0.jar;C:\Users\YangYang\.m2\repository\org\apache\jackrabbit\jackrabbit-jcr-commons\1.5.0\jackrabbit-jcr-commons-1.5.0.jar;C:\Users\YangYang\.m2\repository\commons-httpclient\commons-httpclient\3.0\commons-httpclient-3.0.jar;C:\Users\YangYang\.m2\repository\org\slf4j\slf4j-nop\1.5.3\slf4j-nop-1.5.3.jar;C:\Users\YangYang\.m2\repository\org\slf4j\slf4j-jdk14\1.5.6\slf4j-jdk14-1.5.6.jar;C:\Users\YangYang\.m2\repository\org\apache\maven\reporting\maven-reporting-api\2.2.1\maven-reporting-api-2.2.1.jar;C:\Users\YangYang\.m2\repository\org\apache\maven\doxia\doxia-sink-api\1.1\doxia-sink-api-1.1.jar;C:\Users\YangYang\.m2\repository\org\apache\maven\doxia\doxia-logging-api\1.1\doxia-logging-api-1.1.jar;C:\Users\YangYang\.m2\repository\org\apache\maven\wagon\wagon-provider-api\1.0-beta-6\wagon-provider-api-1.0-beta-6.jar;C:\Users\YangYang\.m2\repository\org\apache\maven\maven-repository-metadata\2.2.1\maven-repository-metadata-2.2.1.jar;C:\Users\YangYang\.m2\repository\org\apache\maven\maven-error-diagnostics\2.2.1\maven-error-diagnostics-2.2.1.jar;C:\Users\YangYang\.m2\repository\org\apache\maven\wagon\wagon-ssh-external\1.0-beta-6\wagon-ssh-external-1.0-beta-6.jar;C:\Users\YangYang\.m2\repository\org\apache\maven\wagon\wagon-ssh-common\1.0-beta-6\wagon-ssh-common-1.0-beta-6.jar;C:\Users\YangYang\.m2\repository\org\apache\maven\maven-plugin-descriptor\2.2.1\maven-plugin-descriptor-2.2.1.jar;C:\Users\YangYang\.m2\repository\org\codehaus\plexus\plexus-interactivity-api\1.0-alpha-4\plexus-interactivity-api-1.0-alpha-4.jar;C:\Users\YangYang\.m2\repository\org\apache\maven\maven-monitor\2.2.1\maven-monitor-2.2.1.jar;C:\Users\YangYang\.m2\repository\org\apache\maven\wagon\wagon-ssh\1.0-beta-6\wagon-ssh-1.0-beta-6.jar;C:\Users\YangYang\.m2\repository\com\jcraft\jsch\0.1.38\jsch-0.1.38.jar;C:\Users\YangYang\.m2\repository\classworlds\classworlds\1.1\classworlds-1.1.jar;C:\Users\YangYang\.m2\repository\org\sonatype\plexus\plexus-sec-dispatcher\1.3\plexus-sec-dispatcher-1.3.jar;C:\Users\YangYang\.m2\repository\org\sonatype\plexus\plexus-cipher\1.4\plexus-cipher-1.4.jar;C:\Users\YangYang\.m2\repository\org\apache\maven\maven-settings\2.2.1\maven-settings-2.2.1.jar;C:\Users\YangYang\.m2\repository\org\apache\maven\shared\maven-shared-utils\0.6\maven-shared-utils-0.6.jar;C:\Users\YangYang\.m2\repository\com\google\code\findbugs\jsr305\2.0.1\jsr305-2.0.1.jar;C:\Users\YangYang\.m2\repository\org\sonatype\plexus\plexus-build-api\0.0.4\plexus-build-api-0.0.4.jar;C:\Users\YangYang\.m2\repository\org\slf4j\jcl-over-slf4j\1.7.32\jcl-over-slf4j-1.7.32.jar;C:\Users\YangYang\.m2\repository\javax\servlet\jsp\jsp-api\2.2.1-b03\jsp-api-2.2.1-b03.jar;"/>
    <property name="java.vm.vendor" value="Oracle Corporation"/>
    <property name="sun.arch.data.model" value="64"/>
    <property name="user.variant" value=""/>
    <property name="java.vendor.url" value="https://java.oracle.com/"/>
    <property name="user.timezone" value="Asia/Shanghai"/>
    <property name="os.name" value="Windows 10"/>
    <property name="java.vm.specification.version" value="18"/>
    <property name="sun.java.launcher" value="SUN_STANDARD"/>
    <property name="user.country" value="CN"/>
    <property name="sun.boot.library.path" value="D:\JDK\bin"/>
    <property name="sun.java.command" value="C:\Users\YangYang\AppData\Local\Temp\surefire7633000435518713668\surefirebooter18204544515398364880.jar C:\Users\YangYang\AppData\Local\Temp\surefire7633000435518713668 2022-11-01T10-14-15_241-jvmRun1 surefire3982885970626069675tmp surefire_08027379647073586664tmp"/>
    <property name="jdk.debug" value="release"/>
    <property name="surefire.test.class.path" value="C:\Users\YangYang\Desktop\ChatRoom\target\test-classes;C:\Users\YangYang\Desktop\ChatRoom\target\classes;C:\Users\YangYang\.m2\repository\org\mybatis\mybatis\3.5.5\mybatis-3.5.5.jar;C:\Users\YangYang\.m2\repository\mysql\mysql-connector-java\5.1.46\mysql-connector-java-5.1.46.jar;C:\Users\YangYang\.m2\repository\junit\junit\4.12\junit-4.12.jar;C:\Users\YangYang\.m2\repository\org\hamcrest\hamcrest-core\1.3\hamcrest-core-1.3.jar;C:\Users\YangYang\.m2\repository\ch\qos\logback\logback-classic\1.2.3\logback-classic-1.2.3.jar;C:\Users\YangYang\.m2\repository\org\slf4j\slf4j-api\1.7.25\slf4j-api-1.7.25.jar;C:\Users\YangYang\.m2\repository\ch\qos\logback\logback-core\1.2.3\logback-core-1.2.3.jar;C:\Users\YangYang\.m2\repository\javax\servlet\javax.servlet-api\3.1.0\javax.servlet-api-3.1.0.jar;C:\Users\YangYang\.m2\repository\org\opoo\maven\tomcat9-maven-plugin\3.0.1\tomcat9-maven-plugin-3.0.1.jar;C:\Users\YangYang\.m2\repository\org\apache\tomcat\embed\tomcat-embed-core\9.0.56\tomcat-embed-core-9.0.56.jar;C:\Users\YangYang\.m2\repository\org\apache\tomcat\tomcat-util\9.0.56\tomcat-util-9.0.56.jar;C:\Users\YangYang\.m2\repository\org\apache\tomcat\tomcat-coyote\9.0.56\tomcat-coyote-9.0.56.jar;C:\Users\YangYang\.m2\repository\org\apache\tomcat\tomcat-jni\9.0.56\tomcat-jni-9.0.56.jar;C:\Users\YangYang\.m2\repository\org\apache\tomcat\tomcat-api\9.0.56\tomcat-api-9.0.56.jar;C:\Users\YangYang\.m2\repository\org\apache\tomcat\tomcat-jdbc\9.0.56\tomcat-jdbc-9.0.56.jar;C:\Users\YangYang\.m2\repository\org\apache\tomcat\tomcat-dbcp\9.0.56\tomcat-dbcp-9.0.56.jar;C:\Users\YangYang\.m2\repository\org\apache\tomcat\tomcat-servlet-api\9.0.56\tomcat-servlet-api-9.0.56.jar;C:\Users\YangYang\.m2\repository\org\apache\tomcat\tomcat-jsp-api\9.0.56\tomcat-jsp-api-9.0.56.jar;C:\Users\YangYang\.m2\repository\org\apache\tomcat\tomcat-jasper\9.0.56\tomcat-jasper-9.0.56.jar;C:\Users\YangYang\.m2\repository\org\eclipse\jdt\ecj\3.26.0\ecj-3.26.0.jar;C:\Users\YangYang\.m2\repository\org\apache\tomcat\tomcat-util-scan\9.0.56\tomcat-util-scan-9.0.56.jar;C:\Users\YangYang\.m2\repository\org\apache\tomcat\tomcat-jasper-el\9.0.56\tomcat-jasper-el-9.0.56.jar;C:\Users\YangYang\.m2\repository\org\apache\tomcat\tomcat-el-api\9.0.56\tomcat-el-api-9.0.56.jar;C:\Users\YangYang\.m2\repository\org\apache\tomcat\tomcat-catalina\9.0.56\tomcat-catalina-9.0.56.jar;C:\Users\YangYang\.m2\repository\org\apache\tomcat\tomcat-jaspic-api\9.0.56\tomcat-jaspic-api-9.0.56.jar;C:\Users\YangYang\.m2\repository\org\apache\tomcat\tomcat-tribes\9.0.56\tomcat-tribes-9.0.56.jar;C:\Users\YangYang\.m2\repository\org\apache\tomcat\tomcat-catalina-ha\9.0.56\tomcat-catalina-ha-9.0.56.jar;C:\Users\YangYang\.m2\repository\org\apache\tomcat\tomcat-annotations-api\9.0.56\tomcat-annotations-api-9.0.56.jar;C:\Users\YangYang\.m2\repository\org\apache\tomcat\tomcat-juli\9.0.56\tomcat-juli-9.0.56.jar;C:\Users\YangYang\.m2\repository\org\eclipse\jdt\core\compiler\ecj\4.4\ecj-4.4.jar;C:\Users\YangYang\.m2\repository\org\opoo\maven\common-tomcat-maven-plugin\3.0.1\common-tomcat-maven-plugin-3.0.1.jar;C:\Users\YangYang\.m2\repository\org\apache\maven\maven-project\2.2.1\maven-project-2.2.1.jar;C:\Users\YangYang\.m2\repository\org\apache\maven\maven-profile\2.2.1\maven-profile-2.2.1.jar;C:\Users\YangYang\.m2\repository\org\apache\maven\maven-artifact-manager\2.2.1\maven-artifact-manager-2.2.1.jar;C:\Users\YangYang\.m2\repository\backport-util-concurrent\backport-util-concurrent\3.1\backport-util-concurrent-3.1.jar;C:\Users\YangYang\.m2\repository\org\apache\maven\maven-plugin-registry\2.2.1\maven-plugin-registry-2.2.1.jar;C:\Users\YangYang\.m2\repository\org\codehaus\plexus\plexus-container-default\1.0-alpha-9-stable-1\plexus-container-default-1.0-alpha-9-stable-1.jar;C:\Users\YangYang\.m2\repository\org\apache\httpcomponents\httpclient\4.5.13\httpclient-4.5.13.jar;C:\Users\YangYang\.m2\repository\org\apache\httpcomponents\httpcore\4.4.13\httpcore-4.4.13.jar;C:\Users\YangYang\.m2\repository\commons-logging\commons-logging\1.2\commons-logging-1.2.jar;C:\Users\YangYang\.m2\repository\org\codehaus\plexus\plexus-component-annotations\1.5.5\plexus-component-annotations-1.5.5.jar;C:\Users\YangYang\.m2\repository\commons-codec\commons-codec\1.6\commons-codec-1.6.jar;C:\Users\YangYang\.m2\repository\org\opoo\maven\tomcat9-war-runner\3.0.1\tomcat9-war-runner-3.0.1.jar;C:\Users\YangYang\.m2\repository\commons-cli\commons-cli\1.2\commons-cli-1.2.jar;C:\Users\YangYang\.m2\repository\org\apache\maven\maven-plugin-api\2.2.1\maven-plugin-api-2.2.1.jar;C:\Users\YangYang\.m2\repository\org\apache\maven\maven-archiver\2.4.2\maven-archiver-2.4.2.jar;C:\Users\YangYang\.m2\repository\org\apache\maven\maven-artifact\2.0.6\maven-artifact-2.0.6.jar;C:\Users\YangYang\.m2\repository\org\apache\maven\maven-model\2.0.6\maven-model-2.0.6.jar;C:\Users\YangYang\.m2\repository\org\codehaus\plexus\plexus-interpolation\1.13\plexus-interpolation-1.13.jar;C:\Users\YangYang\.m2\repository\org\codehaus\plexus\plexus-classworlds\2.2.2\plexus-classworlds-2.2.2.jar;C:\Users\YangYang\.m2\repository\commons-io\commons-io\2.11.0\commons-io-2.11.0.jar;C:\Users\YangYang\.m2\repository\commons-lang\commons-lang\2.6\commons-lang-2.6.jar;C:\Users\YangYang\.m2\repository\org\apache\commons\commons-compress\1.21\commons-compress-1.21.jar;C:\Users\YangYang\.m2\repository\org\codehaus\plexus\plexus-archiver\3.7.0\plexus-archiver-3.7.0.jar;C:\Users\YangYang\.m2\repository\org\codehaus\plexus\plexus-io\3.1.0\plexus-io-3.1.0.jar;C:\Users\YangYang\.m2\repository\org\iq80\snappy\snappy\0.4\snappy-0.4.jar;C:\Users\YangYang\.m2\repository\org\tukaani\xz\1.8\xz-1.8.jar;C:\Users\YangYang\.m2\repository\org\codehaus\plexus\plexus-utils\3.0.24\plexus-utils-3.0.24.jar;C:\Users\YangYang\.m2\repository\org\apache\maven\shared\maven-filtering\1.3\maven-filtering-1.3.jar;C:\Users\YangYang\.m2\repository\org\apache\maven\maven-core\2.2.1\maven-core-2.2.1.jar;C:\Users\YangYang\.m2\repository\org\apache\maven\wagon\wagon-file\1.0-beta-6\wagon-file-1.0-beta-6.jar;C:\Users\YangYang\.m2\repository\org\apache\maven\maven-plugin-parameter-documenter\2.2.1\maven-plugin-parameter-documenter-2.2.1.jar;C:\Users\YangYang\.m2\repository\org\apache\maven\wagon\wagon-http-lightweight\1.0-beta-6\wagon-http-lightweight-1.0-beta-6.jar;C:\Users\YangYang\.m2\repository\org\apache\maven\wagon\wagon-http-shared\1.0-beta-6\wagon-http-shared-1.0-beta-6.jar;C:\Users\YangYang\.m2\repository\nekohtml\nekohtml\1.9.6.2\nekohtml-1.9.6.2.jar;C:\Users\YangYang\.m2\repository\org\apache\maven\wagon\wagon-http\1.0-beta-6\wagon-http-1.0-beta-6.jar;C:\Users\YangYang\.m2\repository\org\apache\maven\wagon\wagon-webdav-jackrabbit\1.0-beta-6\wagon-webdav-jackrabbit-1.0-beta-6.jar;C:\Users\YangYang\.m2\repository\org\apache\jackrabbit\jackrabbit-webdav\1.5.0\jackrabbit-webdav-1.5.0.jar;C:\Users\YangYang\.m2\repository\org\apache\jackrabbit\jackrabbit-jcr-commons\1.5.0\jackrabbit-jcr-commons-1.5.0.jar;C:\Users\YangYang\.m2\repository\commons-httpclient\commons-httpclient\3.0\commons-httpclient-3.0.jar;C:\Users\YangYang\.m2\repository\org\slf4j\slf4j-nop\1.5.3\slf4j-nop-1.5.3.jar;C:\Users\YangYang\.m2\repository\org\slf4j\slf4j-jdk14\1.5.6\slf4j-jdk14-1.5.6.jar;C:\Users\YangYang\.m2\repository\org\apache\maven\reporting\maven-reporting-api\2.2.1\maven-reporting-api-2.2.1.jar;C:\Users\YangYang\.m2\repository\org\apache\maven\doxia\doxia-sink-api\1.1\doxia-sink-api-1.1.jar;C:\Users\YangYang\.m2\repository\org\apache\maven\doxia\doxia-logging-api\1.1\doxia-logging-api-1.1.jar;C:\Users\YangYang\.m2\repository\org\apache\maven\wagon\wagon-provider-api\1.0-beta-6\wagon-provider-api-1.0-beta-6.jar;C:\Users\YangYang\.m2\repository\org\apache\maven\maven-repository-metadata\2.2.1\maven-repository-metadata-2.2.1.jar;C:\Users\YangYang\.m2\repository\org\apache\maven\maven-error-diagnostics\2.2.1\maven-error-diagnostics-2.2.1.jar;C:\Users\YangYang\.m2\repository\org\apache\maven\wagon\wagon-ssh-external\1.0-beta-6\wagon-ssh-external-1.0-beta-6.jar;C:\Users\YangYang\.m2\repository\org\apache\maven\wagon\wagon-ssh-common\1.0-beta-6\wagon-ssh-common-1.0-beta-6.jar;C:\Users\YangYang\.m2\repository\org\apache\maven\maven-plugin-descriptor\2.2.1\maven-plugin-descriptor-2.2.1.jar;C:\Users\YangYang\.m2\repository\org\codehaus\plexus\plexus-interactivity-api\1.0-alpha-4\plexus-interactivity-api-1.0-alpha-4.jar;C:\Users\YangYang\.m2\repository\org\apache\maven\maven-monitor\2.2.1\maven-monitor-2.2.1.jar;C:\Users\YangYang\.m2\repository\org\apache\maven\wagon\wagon-ssh\1.0-beta-6\wagon-ssh-1.0-beta-6.jar;C:\Users\YangYang\.m2\repository\com\jcraft\jsch\0.1.38\jsch-0.1.38.jar;C:\Users\YangYang\.m2\repository\classworlds\classworlds\1.1\classworlds-1.1.jar;C:\Users\YangYang\.m2\repository\org\sonatype\plexus\plexus-sec-dispatcher\1.3\plexus-sec-dispatcher-1.3.jar;C:\Users\YangYang\.m2\repository\org\sonatype\plexus\plexus-cipher\1.4\plexus-cipher-1.4.jar;C:\Users\YangYang\.m2\repository\org\apache\maven\maven-settings\2.2.1\maven-settings-2.2.1.jar;C:\Users\YangYang\.m2\repository\org\apache\maven\shared\maven-shared-utils\0.6\maven-shared-utils-0.6.jar;C:\Users\YangYang\.m2\repository\com\google\code\findbugs\jsr305\2.0.1\jsr305-2.0.1.jar;C:\Users\YangYang\.m2\repository\org\sonatype\plexus\plexus-build-api\0.0.4\plexus-build-api-0.0.4.jar;C:\Users\YangYang\.m2\repository\org\slf4j\jcl-over-slf4j\1.7.32\jcl-over-slf4j-1.7.32.jar;C:\Users\YangYang\.m2\repository\javax\servlet\jsp\jsp-api\2.2.1-b03\jsp-api-2.2.1-b03.jar;"/>
    <property name="sun.cpu.endian" value="little"/>
    <property name="user.home" value="C:\Users\YangYang"/>
    <property name="user.language" value="zh"/>
    <property name="java.specification.vendor" value="Oracle Corporation"/>
    <property name="java.version.date" value="2022-04-22"/>
    <property name="java.home" value="D:\JDK"/>
    <property name="file.separator" value="\"/>
    <property name="basedir" value="C:\Users\YangYang\Desktop\ChatRoom"/>
    <property name="java.vm.compressedOopsMode" value="Zero based"/>
    <property name="line.separator" value="&#10;"/>
    <property name="java.vm.specification.vendor" value="Oracle Corporation"/>
    <property name="java.specification.name" value="Java Platform API Specification"/>
    <property name="surefire.real.class.path" value="C:\Users\YangYang\AppData\Local\Temp\surefire7633000435518713668\surefirebooter18204544515398364880.jar"/>
    <property name="user.script" value=""/>
    <property name="sun.management.compiler" value="HotSpot 64-Bit Tiered Compilers"/>
    <property name="java.runtime.version" value="18.0.1.1+2-6"/>
    <property name="user.name" value="YangYang"/>
    <property name="path.separator" value=";"/>
    <property name="os.version" value="10.0"/>
    <property name="java.runtime.name" value="Java(TM) SE Runtime Environment"/>
    <property name="file.encoding" value="UTF-8"/>
    <property name="java.vm.name" value="Java HotSpot(TM) 64-Bit Server VM"/>
    <property name="localRepository" value="C:\Users\YangYang\.m2\repository"/>
    <property name="java.vendor.url.bug" value="https://bugreport.java.com/bugreport/"/>
    <property name="java.io.tmpdir" value="C:\Users\YangYang\AppData\Local\Temp\"/>
    <property name="idea.version" value="2022.1.4"/>
    <property name="java.version" value="18.0.1.1"/>
    <property name="user.dir" value="C:\Users\YangYang\Desktop\ChatRoom"/>
    <property name="os.arch" value="amd64"/>
    <property name="java.vm.specification.name" value="Java Virtual Machine Specification"/>
    <property name="sun.os.patch.level" value=""/>
    <property name="native.encoding" value="GBK"/>
    <property name="java.library.path" value="D:\JDK\bin;C:\WINDOWS\Sun\Java\bin;C:\WINDOWS\system32;C:\WINDOWS;C:\Program Files\NVIDIA GPU Computing Toolkit\CUDA\v11.7\bin;C:\Program Files\NVIDIA GPU Computing Toolkit\CUDA\v11.7\libnvvp;C:\Program Files\Common Files\Oracle\Java\javapath;C:\WINDOWS\system32;C:\WINDOWS;C:\WINDOWS\System32\Wbem;C:\WINDOWS\System32\WindowsPowerShell\v1.0\;C:\WINDOWS\System32\OpenSSH\;D:\nodejs\;C:\ProgramData\chocolatey\bin;D:\Bandizip\;D:\Tencent\微信web开发者工具\dll;D:\min;w64\mingw64\bin;D:\CMake\bin;D:\Git\cmd;C:\Program Files (x86)\NVIDIA Corporation\PhysX\Common;C:\Program Files\NVIDIA Corporation\NVIDIA NvDLISR;C:\Program Files\NVIDIA Corporation\Nsight Compute 2022.2.0\;D:\Downloads\apache-tomcat-9.0.65\bin;D:\Downloads\apache-maven-3.8.6\bin;C:\Users\YangYang\AppData\Local\Android\Sdk\platform-tools;C:\Users\YangYang\AppData\Local\Android\Sdk\tools;D:\NetSarang\Xshell 7\;D:\NetSarang\Xftp 7\;C:\Program Files\MySQL\MySQL Shell 8.0\bin\;D:\Python\Scripts\;D:\Python\;D:\anaconda3;D:\anaconda3\Library\mingw-w64\bin;D:\anaconda3\Library\usr\bin;D:\anaconda3\Library\bin;D:\anaconda3\Scripts;D:\Python\Python37-32\Scripts\;D:\Python\Python37-32\;C:\Users\YangYang\AppData\Local\Microsoft\WindowsApps;D:\Microsoft VS Code\bin;D:\JetBrains\IntelliJ IDEA 2022.1.2\bin;D:\JetBrains\WebStorm 2022.1.2\bin;D:\JetBrains\PyCharm 2022.1.3\bin;C:\Users\YangYang\AppData\Roaming\npm;D:\JetBrains\DataGrip 2022.1.5\bin;D:\Downloads\ffmpeg-4.3.1-win64-static\bin;D:\JetBrains\CLion 2022.2.1\bin;C:\Users\YangYang\AppData\Local\JetBrains\Toolbox\scripts;;."/>
    <property name="java.vm.info" value="mixed mode, sharing"/>
    <property name="java.vendor" value="Oracle Corporation"/>
    <property name="java.vm.version" value="18.0.1.1+2-6"/>
    <property name="sun.io.unicode.encoding" value="UnicodeLittle"/>
    <property name="java.class.version" value="62.0"/>
  </properties>
  <testcase name="test" classname="com.scuec.MyBatisTest" time="0.481"/>
</testsuite>